<?xml version="1.0" encoding="UTF-8"?>
<!-- Generated by org.testng.reporters.JUnitReportReporter -->
<testsuite hostname="6AA194BA0CB3950" name="com.baidu.gameqa.generation.MemberStorePayTestCase" tests="3" failures="0" timestamp="21 Aug 2014 08:31:35 GMT" time="6.010" errors="0">
  <testcase name="member_store_pay_jifenxuni_case01" time="1.319" classname="com.baidu.gameqa.generation.MemberStorePayTestCase"/>
  <testcase name="member_store_pay_youxitequan_case03" time="2.270" classname="com.baidu.gameqa.generation.MemberStorePayTestCase"/>
  <testcase name="member_store_pay_jifenshiwu_case02" time="2.421" classname="com.baidu.gameqa.generation.MemberStorePayTestCase"/>
</testsuite> <!-- com.baidu.gameqa.generation.MemberStorePayTestCase -->
