<?xml version="1.0" encoding="UTF-8"?>
<!-- Generated by org.testng.reporters.JUnitReportReporter -->
<testsuite hostname="6AA194BA0CB3950" name="com.baidu.gameqa.FF14.FF14QueryUseridTestCase" tests="3" failures="0" timestamp="21 Aug 2014 06:52:50 GMT" time="1.920" errors="0">
  <testcase name="FF14QueryUseridTest_enPass" time="0.348" classname="com.baidu.gameqa.FF14.FF14QueryUseridTestCase"/>
  <testcase name="FF14QueryUseridTest_201" time="1.229" classname="com.baidu.gameqa.FF14.FF14QueryUseridTestCase"/>
  <testcase name="FF14QueryUseridTest_enQuick" time="0.343" classname="com.baidu.gameqa.FF14.FF14QueryUseridTestCase"/>
</testsuite> <!-- com.baidu.gameqa.FF14.FF14QueryUseridTestCase -->
