<?xml version="1.0" encoding="UTF-8"?>
<!-- Generated by org.testng.reporters.JUnitReportReporter -->
<testsuite hostname="6AA194BA0CB3950" name="com.baidu.gameqa.sso.GetLoginLockStatusTestCase" tests="1" failures="0" timestamp="5 Nov 2014 03:41:47 GMT" time="0.692" errors="0">
  <testcase name="GetLoginLockStatus_signed_Test" time="0.692" classname="com.baidu.gameqa.sso.GetLoginLockStatusTestCase"/>
</testsuite> <!-- com.baidu.gameqa.sso.GetLoginLockStatusTestCase -->
