<?xml version="1.0" encoding="UTF-8"?>
<!-- Generated by org.testng.reporters.JUnitReportReporter -->
<testsuite hostname="6AA194BA0CB3950" name="com.baidu.gameqa.FF14.FF14HistoryTestCase" tests="1" failures="0" timestamp="25 Aug 2014 08:16:29 GMT" time="1.781" errors="0">
  <testcase name="FF14HistoryPostTest" time="1.781" classname="com.baidu.gameqa.FF14.FF14HistoryTestCase"/>
</testsuite> <!-- com.baidu.gameqa.FF14.FF14HistoryTestCase -->
