<?xml version="1.0" encoding="UTF-8"?>
<!-- Generated by org.testng.reporters.JUnitReportReporter -->
<testsuite hostname="bogon" name="baba.NewTest" tests="4" failures="0" timestamp="15 Mar 2018 08:00:20 GMT" time="1.582" errors="0">
  <testcase name="gogogo" time="0.004" classname="baba.NewTest"/>
  <testcase name="gogo" time="1.574" classname="baba.NewTest"/>
  <testcase name="gogogo" time="0.001" classname="baba.NewTest"/>
  <testcase name="gogogo" time="0.003" classname="baba.NewTest"/>
</testsuite> <!-- baba.NewTest -->
