<?xml version="1.0" encoding="UTF-8"?>
<!-- Generated by org.testng.reporters.JUnitReportReporter -->
<testsuite hostname="8C12ADCBD38A74E" name="com.baidu.gameqa.wuat.demo.DemoTest" tests="2" failures="0" timestamp="19 May 2014 10:49:56 GMT" time="10.227" errors="0">
  <testcase name="f" time="0.002" classname="com.baidu.gameqa.wuat.demo.DemoTest"/>
  <testcase name="doubipaytest" time="10.225" classname="com.baidu.gameqa.wuat.demo.DemoTest"/>
</testsuite> <!-- com.baidu.gameqa.wuat.demo.DemoTest -->
